<?xml version="1.0" encoding="UTF-8"?>
<testsuite name="edu.bsu.cs222.RevisionParserTest" tests="3" skipped="0" failures="0" errors="0" timestamp="2024-10-01T13:54:21" hostname="DESKTOP-E0M5PVQ" time="0.09">
  <properties/>
  <testcase name="testParseUser()" classname="edu.bsu.cs222.RevisionParserTest" time="0.075"/>
  <testcase name="testParseTimestamp()" classname="edu.bsu.cs222.RevisionParserTest" time="0.004"/>
  <testcase name="testParseRedirect()" classname="edu.bsu.cs222.RevisionParserTest" time="0.007"/>
  <system-out><![CDATA[]]></system-out>
  <system-err><![CDATA[]]></system-err>
</testsuite>
